mode: set
miniproject-alterra/module/events/service/event_service.go:26.66,35.2 1 0
miniproject-alterra/module/events/service/event_service.go:37.66,41.16 3 0
miniproject-alterra/module/events/service/event_service.go:41.16,42.21 1 0
miniproject-alterra/module/events/service/event_service.go:45.2,46.16 2 0
miniproject-alterra/module/events/service/event_service.go:46.16,47.21 1 0
miniproject-alterra/module/events/service/event_service.go:52.114,60.16 6 0
miniproject-alterra/module/events/service/event_service.go:60.16,62.3 1 0
miniproject-alterra/module/events/service/event_service.go:64.2,65.16 2 0
miniproject-alterra/module/events/service/event_service.go:65.16,67.3 1 0
miniproject-alterra/module/events/service/event_service.go:69.2,70.25 2 0
miniproject-alterra/module/events/service/event_service.go:70.25,73.17 3 0
miniproject-alterra/module/events/service/event_service.go:73.17,75.4 1 0
miniproject-alterra/module/events/service/event_service.go:76.3,76.41 1 0
miniproject-alterra/module/events/service/event_service.go:77.8,79.17 2 0
miniproject-alterra/module/events/service/event_service.go:79.17,81.4 1 0
miniproject-alterra/module/events/service/event_service.go:84.2,84.12 1 0
miniproject-alterra/module/events/service/event_service.go:88.59,91.22 2 0
miniproject-alterra/module/events/service/event_service.go:91.22,98.20 6 0
miniproject-alterra/module/events/service/event_service.go:98.20,100.4 1 0
miniproject-alterra/module/events/service/event_service.go:101.3,104.23 3 0
miniproject-alterra/module/events/service/event_service.go:104.23,106.21 2 0
miniproject-alterra/module/events/service/event_service.go:106.21,108.5 1 0
miniproject-alterra/module/events/service/event_service.go:109.4,109.23 1 0
miniproject-alterra/module/events/service/event_service.go:112.3,112.27 1 0
miniproject-alterra/module/events/service/event_service.go:115.2,115.16 1 0
miniproject-alterra/module/events/service/event_service.go:115.16,117.3 1 0
miniproject-alterra/module/events/service/event_service.go:119.2,119.18 1 0
miniproject-alterra/module/events/service/event_service.go:123.75,126.16 2 0
miniproject-alterra/module/events/service/event_service.go:126.16,128.3 1 0
miniproject-alterra/module/events/service/event_service.go:129.2,129.29 1 0
miniproject-alterra/module/events/service/event_service.go:129.29,131.3 1 0
miniproject-alterra/module/events/service/event_service.go:133.2,134.16 2 0
miniproject-alterra/module/events/service/event_service.go:134.16,136.3 1 0
miniproject-alterra/module/events/service/event_service.go:138.2,138.20 1 0
miniproject-alterra/module/events/service/event_service.go:142.80,147.16 3 0
miniproject-alterra/module/events/service/event_service.go:147.16,149.3 1 0
miniproject-alterra/module/events/service/event_service.go:150.2,150.29 1 0
miniproject-alterra/module/events/service/event_service.go:150.29,152.3 1 0
miniproject-alterra/module/events/service/event_service.go:154.2,155.16 2 0
miniproject-alterra/module/events/service/event_service.go:155.16,157.3 1 0
miniproject-alterra/module/events/service/event_service.go:159.2,159.20 1 0
miniproject-alterra/module/events/service/event_service.go:163.68,166.16 2 0
miniproject-alterra/module/events/service/event_service.go:166.16,168.3 1 0
miniproject-alterra/module/events/service/event_service.go:170.2,170.29 1 0
miniproject-alterra/module/events/service/event_service.go:170.29,172.3 1 0
miniproject-alterra/module/events/service/event_service.go:174.2,175.16 2 0
miniproject-alterra/module/events/service/event_service.go:175.16,177.3 1 0
miniproject-alterra/module/events/service/event_service.go:178.2,179.16 2 0
miniproject-alterra/module/events/service/event_service.go:179.16,181.3 1 0
miniproject-alterra/module/events/service/event_service.go:182.2,184.12 2 0
miniproject-alterra/module/events/service/event_service.go:188.69,191.16 2 0
miniproject-alterra/module/events/service/event_service.go:191.16,193.3 1 0
miniproject-alterra/module/events/service/event_service.go:195.2,195.29 1 0
miniproject-alterra/module/events/service/event_service.go:195.29,197.3 1 0
miniproject-alterra/module/events/service/event_service.go:199.2,200.16 2 0
miniproject-alterra/module/events/service/event_service.go:200.16,202.3 1 0
miniproject-alterra/module/events/service/event_service.go:203.2,204.16 2 0
miniproject-alterra/module/events/service/event_service.go:204.16,206.3 1 0
miniproject-alterra/module/events/service/event_service.go:208.2,208.12 1 0
miniproject-alterra/module/events/service/event_service.go:212.88,215.16 2 0
miniproject-alterra/module/events/service/event_service.go:215.16,217.3 1 0
miniproject-alterra/module/events/service/event_service.go:218.2,219.16 2 0
miniproject-alterra/module/events/service/event_service.go:219.16,221.3 1 0
miniproject-alterra/module/events/service/event_service.go:223.2,223.25 1 0
miniproject-alterra/module/events/service/event_service.go:223.25,232.17 8 0
miniproject-alterra/module/events/service/event_service.go:232.17,234.4 1 0
miniproject-alterra/module/events/service/event_service.go:235.3,235.44 1 0
miniproject-alterra/module/events/service/event_service.go:236.8,245.17 8 0
miniproject-alterra/module/events/service/event_service.go:245.17,247.4 1 0
miniproject-alterra/module/events/service/event_service.go:250.2,250.12 1 0
miniproject-alterra/module/events/service/event_service.go:254.101,260.16 4 0
miniproject-alterra/module/events/service/event_service.go:260.16,262.3 1 0
miniproject-alterra/module/events/service/event_service.go:264.2,265.16 2 0
miniproject-alterra/module/events/service/event_service.go:265.16,267.3 1 0
miniproject-alterra/module/events/service/event_service.go:268.2,269.16 2 0
miniproject-alterra/module/events/service/event_service.go:269.16,271.3 1 0
miniproject-alterra/module/events/service/event_service.go:272.2,273.16 2 0
miniproject-alterra/module/events/service/event_service.go:273.16,275.3 1 0
miniproject-alterra/module/events/service/event_service.go:277.2,277.12 1 0
miniproject-alterra/module/events/service/event_service.go:281.69,284.16 2 0
miniproject-alterra/module/events/service/event_service.go:284.16,286.3 1 0
miniproject-alterra/module/events/service/event_service.go:287.2,287.28 1 0
miniproject-alterra/module/events/service/event_service.go:287.28,289.17 2 0
miniproject-alterra/module/events/service/event_service.go:289.17,291.4 1 0
miniproject-alterra/module/events/service/event_service.go:293.3,294.17 2 0
miniproject-alterra/module/events/service/event_service.go:294.17,296.4 1 0
miniproject-alterra/module/events/service/event_service.go:297.8,299.17 2 0
miniproject-alterra/module/events/service/event_service.go:299.17,301.4 1 0
miniproject-alterra/module/events/service/event_service.go:303.3,304.17 2 0
miniproject-alterra/module/events/service/event_service.go:304.17,306.4 1 0
miniproject-alterra/module/events/service/event_service.go:309.2,309.12 1 0
miniproject-alterra/module/evidence/service/evidence_service.go:25.31,33.2 1 1
miniproject-alterra/module/evidence/service/evidence_service.go:35.127,46.16 8 1
miniproject-alterra/module/evidence/service/evidence_service.go:46.16,48.3 1 1
miniproject-alterra/module/evidence/service/evidence_service.go:50.2,51.16 2 1
miniproject-alterra/module/evidence/service/evidence_service.go:51.16,53.3 1 1
miniproject-alterra/module/evidence/service/evidence_service.go:55.2,55.12 1 1
miniproject-alterra/module/evidence/service/evidence_service.go:59.91,62.16 2 1
miniproject-alterra/module/evidence/service/evidence_service.go:62.16,64.3 1 1
miniproject-alterra/module/evidence/service/evidence_service.go:66.2,66.29 1 1
miniproject-alterra/module/evidence/service/evidence_service.go:66.29,68.3 1 1
miniproject-alterra/module/evidence/service/evidence_service.go:70.2,71.16 2 1
miniproject-alterra/module/evidence/service/evidence_service.go:71.16,73.3 1 1
miniproject-alterra/module/evidence/service/evidence_service.go:75.2,75.27 1 1
miniproject-alterra/module/evidence/service/evidence_service.go:75.27,77.20 2 1
miniproject-alterra/module/evidence/service/evidence_service.go:77.20,79.4 1 1
miniproject-alterra/module/evidence/service/evidence_service.go:80.3,80.27 1 1
miniproject-alterra/module/evidence/service/evidence_service.go:83.2,83.23 1 1
miniproject-alterra/module/evidence/service/evidence_service.go:87.100,90.16 2 1
miniproject-alterra/module/evidence/service/evidence_service.go:90.16,92.3 1 1
miniproject-alterra/module/evidence/service/evidence_service.go:94.2,97.16 3 1
miniproject-alterra/module/evidence/service/evidence_service.go:97.16,99.3 1 1
miniproject-alterra/module/evidence/service/evidence_service.go:101.2,101.12 1 1
miniproject-alterra/module/evidence/service/evidence_service.go:105.107,108.16 2 1
miniproject-alterra/module/evidence/service/evidence_service.go:108.16,110.3 1 1
miniproject-alterra/module/evidence/service/evidence_service.go:112.2,116.16 4 1
miniproject-alterra/module/evidence/service/evidence_service.go:116.16,118.3 1 1
miniproject-alterra/module/evidence/service/evidence_service.go:119.2,120.16 2 1
miniproject-alterra/module/evidence/service/evidence_service.go:120.16,122.3 1 1
miniproject-alterra/module/evidence/service/evidence_service.go:123.2,125.12 2 1
miniproject-alterra/module/evidence/service/evidence_service.go:129.78,132.16 2 1
miniproject-alterra/module/evidence/service/evidence_service.go:132.16,134.3 1 1
miniproject-alterra/module/evidence/service/evidence_service.go:135.2,135.28 1 1
miniproject-alterra/module/evidence/service/evidence_service.go:135.28,137.17 2 1
miniproject-alterra/module/evidence/service/evidence_service.go:137.17,139.4 1 1
miniproject-alterra/module/evidence/service/evidence_service.go:141.3,142.17 2 1
miniproject-alterra/module/evidence/service/evidence_service.go:142.17,144.4 1 1
miniproject-alterra/module/evidence/service/evidence_service.go:145.8,147.17 2 0
miniproject-alterra/module/evidence/service/evidence_service.go:147.17,149.4 1 0
miniproject-alterra/module/evidence/service/evidence_service.go:151.3,152.17 2 0
miniproject-alterra/module/evidence/service/evidence_service.go:152.17,154.4 1 0
miniproject-alterra/module/evidence/service/evidence_service.go:157.2,157.12 1 1
miniproject-alterra/module/user/service/user_service.go:26.61,35.2 1 1
miniproject-alterra/module/user/service/user_service.go:37.63,44.16 5 0
miniproject-alterra/module/user/service/user_service.go:44.16,46.3 1 0
miniproject-alterra/module/user/service/user_service.go:47.2,47.61 1 0
miniproject-alterra/module/user/service/user_service.go:47.61,49.3 1 0
miniproject-alterra/module/user/service/user_service.go:51.2,52.16 2 0
miniproject-alterra/module/user/service/user_service.go:52.16,54.3 1 0
miniproject-alterra/module/user/service/user_service.go:56.2,56.19 1 0
miniproject-alterra/module/user/service/user_service.go:60.56,73.58 3 1
miniproject-alterra/module/user/service/user_service.go:73.58,75.3 1 1
miniproject-alterra/module/user/service/user_service.go:77.2,77.12 1 1
miniproject-alterra/module/user/service/user_service.go:81.63,84.16 2 0
miniproject-alterra/module/user/service/user_service.go:84.16,86.3 1 0
miniproject-alterra/module/user/service/user_service.go:87.2,87.22 1 0
miniproject-alterra/module/user/service/user_service.go:87.22,89.3 1 0
miniproject-alterra/module/user/service/user_service.go:91.2,92.16 2 0
miniproject-alterra/module/user/service/user_service.go:92.16,94.3 1 0
miniproject-alterra/module/user/service/user_service.go:96.2,96.12 1 0
miniproject-alterra/module/user/service/user_service.go:100.59,103.16 2 0
miniproject-alterra/module/user/service/user_service.go:103.16,105.3 1 0
miniproject-alterra/module/user/service/user_service.go:107.2,107.12 1 0
miniproject-alterra/module/user/service/user_service.go:110.66,113.16 2 0
miniproject-alterra/module/user/service/user_service.go:113.16,115.3 1 0
miniproject-alterra/module/user/service/user_service.go:116.2,116.41 1 0
miniproject-alterra/module/user/service/user_service.go:116.41,118.3 1 0
miniproject-alterra/module/user/service/user_service.go:120.2,125.16 3 0
miniproject-alterra/module/user/service/user_service.go:125.16,127.3 1 0
miniproject-alterra/module/user/service/user_service.go:128.2,136.12 3 0
miniproject-alterra/module/user/service/user_service.go:140.79,143.16 2 0
miniproject-alterra/module/user/service/user_service.go:143.16,145.3 1 0
miniproject-alterra/module/user/service/user_service.go:147.2,147.29 1 0
miniproject-alterra/module/user/service/user_service.go:147.29,149.3 1 0
miniproject-alterra/module/user/service/user_service.go:151.2,152.16 2 0
miniproject-alterra/module/user/service/user_service.go:152.16,154.3 1 0
miniproject-alterra/module/user/service/user_service.go:156.2,156.19 1 0
miniproject-alterra/module/user/service/user_service.go:160.93,163.16 2 0
miniproject-alterra/module/user/service/user_service.go:163.16,165.3 1 0
miniproject-alterra/module/user/service/user_service.go:167.2,167.29 1 0
miniproject-alterra/module/user/service/user_service.go:167.29,169.3 1 0
miniproject-alterra/module/user/service/user_service.go:171.2,172.16 2 0
miniproject-alterra/module/user/service/user_service.go:172.16,174.3 1 0
miniproject-alterra/module/user/service/user_service.go:176.2,176.12 1 0
miniproject-alterra/module/user/service/user_service.go:180.72,183.16 2 0
miniproject-alterra/module/user/service/user_service.go:183.16,185.3 1 0
miniproject-alterra/module/user/service/user_service.go:187.2,187.29 1 0
miniproject-alterra/module/user/service/user_service.go:187.29,189.3 1 0
miniproject-alterra/module/user/service/user_service.go:191.2,192.16 2 0
miniproject-alterra/module/user/service/user_service.go:192.16,194.3 1 0
miniproject-alterra/module/user/service/user_service.go:196.2,196.19 1 0
miniproject-alterra/module/user/service/user_service.go:200.76,203.16 2 0
miniproject-alterra/module/user/service/user_service.go:203.16,205.3 1 0
miniproject-alterra/module/user/service/user_service.go:207.2,213.16 6 0
miniproject-alterra/module/user/service/user_service.go:213.16,215.3 1 0
miniproject-alterra/module/user/service/user_service.go:217.2,217.12 1 0
miniproject-alterra/module/user/service/user_service.go:221.69,224.16 2 0
miniproject-alterra/module/user/service/user_service.go:224.16,226.3 1 0
miniproject-alterra/module/user/service/user_service.go:227.2,227.29 1 0
miniproject-alterra/module/user/service/user_service.go:227.29,229.3 1 0
miniproject-alterra/module/user/service/user_service.go:231.2,232.16 2 0
miniproject-alterra/module/user/service/user_service.go:232.16,234.3 1 0
miniproject-alterra/module/user/service/user_service.go:235.2,236.16 2 0
miniproject-alterra/module/user/service/user_service.go:236.16,238.3 1 0
miniproject-alterra/module/user/service/user_service.go:240.2,240.12 1 0
miniproject-alterra/module/user/service/user_service.go:244.62,247.16 2 0
miniproject-alterra/module/user/service/user_service.go:247.16,249.3 1 0
miniproject-alterra/module/user/service/user_service.go:250.2,250.28 1 0
miniproject-alterra/module/user/service/user_service.go:250.28,252.3 1 0
miniproject-alterra/module/user/service/user_service.go:254.2,255.16 2 0
miniproject-alterra/module/user/service/user_service.go:255.16,257.3 1 0
miniproject-alterra/module/user/service/user_service.go:259.2,259.12 1 0
miniproject-alterra/module/user/service/user_service.go:263.74,266.16 2 0
miniproject-alterra/module/user/service/user_service.go:266.16,268.3 1 0
miniproject-alterra/module/user/service/user_service.go:269.2,270.16 2 0
miniproject-alterra/module/user/service/user_service.go:270.16,272.3 1 0
miniproject-alterra/module/user/service/user_service.go:274.2,274.18 1 0
miniproject-alterra/module/user/service/user_service.go:278.91,284.16 4 0
miniproject-alterra/module/user/service/user_service.go:284.16,286.3 1 0
miniproject-alterra/module/user/service/user_service.go:288.2,289.16 2 0
miniproject-alterra/module/user/service/user_service.go:289.16,291.3 1 0
miniproject-alterra/module/user/service/user_service.go:292.2,293.16 2 0
miniproject-alterra/module/user/service/user_service.go:293.16,295.3 1 0
miniproject-alterra/module/user/service/user_service.go:296.2,297.16 2 0
miniproject-alterra/module/user/service/user_service.go:297.16,299.3 1 0
miniproject-alterra/module/user/service/user_service.go:301.2,301.12 1 0
