mode: set
miniproject-alterra/module/evidence/service/evidence_service.go:25.31,33.2 1 1
miniproject-alterra/module/evidence/service/evidence_service.go:35.127,46.16 8 1
miniproject-alterra/module/evidence/service/evidence_service.go:46.16,48.3 1 1
miniproject-alterra/module/evidence/service/evidence_service.go:50.2,51.16 2 1
miniproject-alterra/module/evidence/service/evidence_service.go:51.16,53.3 1 1
miniproject-alterra/module/evidence/service/evidence_service.go:55.2,55.12 1 1
miniproject-alterra/module/evidence/service/evidence_service.go:59.91,62.16 2 1
miniproject-alterra/module/evidence/service/evidence_service.go:62.16,64.3 1 1
miniproject-alterra/module/evidence/service/evidence_service.go:66.2,66.29 1 1
miniproject-alterra/module/evidence/service/evidence_service.go:66.29,68.3 1 1
miniproject-alterra/module/evidence/service/evidence_service.go:70.2,71.16 2 1
miniproject-alterra/module/evidence/service/evidence_service.go:71.16,73.3 1 1
miniproject-alterra/module/evidence/service/evidence_service.go:75.2,75.27 1 1
miniproject-alterra/module/evidence/service/evidence_service.go:75.27,77.20 2 1
miniproject-alterra/module/evidence/service/evidence_service.go:77.20,79.4 1 1
miniproject-alterra/module/evidence/service/evidence_service.go:80.3,80.27 1 1
miniproject-alterra/module/evidence/service/evidence_service.go:83.2,83.23 1 1
miniproject-alterra/module/evidence/service/evidence_service.go:87.100,90.16 2 1
miniproject-alterra/module/evidence/service/evidence_service.go:90.16,92.3 1 1
miniproject-alterra/module/evidence/service/evidence_service.go:94.2,97.16 3 1
miniproject-alterra/module/evidence/service/evidence_service.go:97.16,99.3 1 1
miniproject-alterra/module/evidence/service/evidence_service.go:101.2,101.12 1 1
miniproject-alterra/module/evidence/service/evidence_service.go:105.107,108.16 2 1
miniproject-alterra/module/evidence/service/evidence_service.go:108.16,110.3 1 1
miniproject-alterra/module/evidence/service/evidence_service.go:112.2,116.16 4 1
miniproject-alterra/module/evidence/service/evidence_service.go:116.16,118.3 1 1
miniproject-alterra/module/evidence/service/evidence_service.go:119.2,120.16 2 1
miniproject-alterra/module/evidence/service/evidence_service.go:120.16,122.3 1 1
miniproject-alterra/module/evidence/service/evidence_service.go:123.2,125.12 2 1
miniproject-alterra/module/evidence/service/evidence_service.go:129.78,132.16 2 1
miniproject-alterra/module/evidence/service/evidence_service.go:132.16,134.3 1 1
miniproject-alterra/module/evidence/service/evidence_service.go:135.2,135.28 1 1
miniproject-alterra/module/evidence/service/evidence_service.go:135.28,137.17 2 1
miniproject-alterra/module/evidence/service/evidence_service.go:137.17,139.4 1 1
miniproject-alterra/module/evidence/service/evidence_service.go:141.3,142.17 2 1
miniproject-alterra/module/evidence/service/evidence_service.go:142.17,144.4 1 1
miniproject-alterra/module/evidence/service/evidence_service.go:145.8,147.17 2 0
miniproject-alterra/module/evidence/service/evidence_service.go:147.17,149.4 1 0
miniproject-alterra/module/evidence/service/evidence_service.go:151.3,152.17 2 0
miniproject-alterra/module/evidence/service/evidence_service.go:152.17,154.4 1 0
miniproject-alterra/module/evidence/service/evidence_service.go:157.2,157.12 1 1
